#! /usr/bin/vvp
:ivl_version "12.0 (stable)";
:ivl_delay_selection "TYPICAL";
:vpi_time_precision - 12;
:vpi_module "/usr/lib/x86_64-linux-gnu/ivl/system.vpi";
:vpi_module "/usr/lib/x86_64-linux-gnu/ivl/vhdl_sys.vpi";
:vpi_module "/usr/lib/x86_64-linux-gnu/ivl/vhdl_textio.vpi";
:vpi_module "/usr/lib/x86_64-linux-gnu/ivl/v2005_math.vpi";
:vpi_module "/usr/lib/x86_64-linux-gnu/ivl/va_math.vpi";
S_0x5565297f4590 .scope module, "judgement_tb" "judgement_tb" 2 6;
 .timescale -9 -12;
P_0x5565297f4720 .param/l "PAPER" 0 2 17, C4<01>;
P_0x5565297f4760 .param/l "ROCK" 0 2 16, C4<00>;
P_0x5565297f47a0 .param/l "SCISSORS" 0 2 18, C4<10>;
v0x556529812040_0 .var "clk", 0 0;
v0x556529812100_0 .var "jack", 1 0;
v0x5565298121a0_0 .net "jack_win", 0 0, v0x556529811a50_0;  1 drivers
v0x556529812240_0 .var "rose", 1 0;
v0x556529812310_0 .net "rose_win", 0 0, v0x556529811c40_0;  1 drivers
v0x5565298123b0_0 .var "rst", 0 0;
v0x556529812480_0 .var "valid", 0 0;
v0x556529812550_0 .net "win_valid", 0 0, v0x556529811e80_0;  1 drivers
S_0x5565297b3490 .scope module, "inst_judgement" "judgement" 2 23, 3 2 0, S_0x5565297f4590;
 .timescale -9 -12;
    .port_info 0 /INPUT 1 "clk_i";
    .port_info 1 /INPUT 1 "rst_i";
    .port_info 2 /INPUT 2 "jack_i";
    .port_info 3 /INPUT 2 "rose_i";
    .port_info 4 /INPUT 1 "valid_i";
    .port_info 5 /OUTPUT 1 "jack_win_o";
    .port_info 6 /OUTPUT 1 "rose_win_o";
    .port_info 7 /OUTPUT 1 "win_valid_o";
P_0x5565297b3620 .param/l "ILLEGAL" 0 3 19, C4<11>;
P_0x5565297b3660 .param/l "INVALID" 0 3 25, C4<11>;
P_0x5565297b36a0 .param/l "JACK_WIN" 0 3 22, C4<10>;
P_0x5565297b36e0 .param/l "PAPER" 0 3 17, C4<01>;
P_0x5565297b3720 .param/l "ROCK" 0 3 16, C4<00>;
P_0x5565297b3760 .param/l "ROSE_WIN" 0 3 23, C4<01>;
P_0x5565297b37a0 .param/l "SCISSORS" 0 3 18, C4<10>;
P_0x5565297b37e0 .param/l "TIE" 0 3 24, C4<00>;
v0x5565298117d0_0 .net "clk_i", 0 0, v0x556529812040_0;  1 drivers
v0x5565298118b0_0 .var "compare_result", 1 0;
v0x556529811990_0 .net "jack_i", 1 0, v0x556529812100_0;  1 drivers
v0x556529811a50_0 .var "jack_win_o", 0 0;
v0x556529811b10_0 .net "rose_i", 1 0, v0x556529812240_0;  1 drivers
v0x556529811c40_0 .var "rose_win_o", 0 0;
v0x556529811d00_0 .net "rst_i", 0 0, v0x5565298123b0_0;  1 drivers
v0x556529811dc0_0 .net "valid_i", 0 0, v0x556529812480_0;  1 drivers
v0x556529811e80_0 .var "win_valid_o", 0 0;
E_0x5565297ecda0 .event anyedge, v0x556529811dc0_0, v0x5565298118b0_0;
E_0x5565297b3ba0 .event anyedge, v0x556529811990_0, v0x556529811b10_0;
E_0x5565297ec800 .event posedge, v0x556529811d00_0, v0x5565298117d0_0;
S_0x5565297e1810 .scope begin, "OUTPUT_INVALID" "OUTPUT_INVALID" 3 84, 3 84 0, S_0x5565297b3490;
 .timescale -9 -12;
S_0x5565297e1a10 .scope begin, "OUTPUT_VALID" "OUTPUT_VALID" 3 80, 3 80 0, S_0x5565297b3490;
 .timescale -9 -12;
S_0x5565297e1c10 .scope function.vec4.s2, "compare" "compare" 3 28, 3 28 0, S_0x5565297b3490;
 .timescale -9 -12;
v0x5565297f5ed0_0 .var "a", 1 0;
v0x5565297ede10_0 .var "b", 1 0;
; Variable compare is vec4 return value of scope S_0x5565297e1c10
TD_judgement_tb.inst_judgement.compare ;
    %load/vec4 v0x5565297f5ed0_0;
    %cmpi/e 3, 0, 2;
    %jmp/1 T_0.2, 4;
    %flag_mov 8, 4;
    %load/vec4 v0x5565297ede10_0;
    %cmpi/e 3, 0, 2;
    %flag_or 4, 8;
T_0.2;
    %jmp/0xz  T_0.0, 4;
    %fork t_1, S_0x5565297e1df0;
    %jmp t_0;
    .scope S_0x5565297e1df0;
t_1 ;
    %pushi/vec4 3, 0, 2;
    %ret/vec4 0, 0, 2;  Assign to compare (store_vec4_to_lval)
    %end;
    .scope S_0x5565297e1c10;
t_0 %join;
    %jmp T_0.1;
T_0.0 ;
    %load/vec4 v0x5565297f5ed0_0;
    %load/vec4 v0x5565297ede10_0;
    %cmp/e;
    %jmp/0xz  T_0.3, 4;
    %fork t_3, S_0x5565297e21b0;
    %jmp t_2;
    .scope S_0x5565297e21b0;
t_3 ;
    %pushi/vec4 0, 0, 2;
    %ret/vec4 0, 0, 2;  Assign to compare (store_vec4_to_lval)
    %end;
    .scope S_0x5565297e1c10;
t_2 %join;
    %jmp T_0.4;
T_0.3 ;
    %fork t_5, S_0x5565297e1fd0;
    %jmp t_4;
    .scope S_0x5565297e1fd0;
t_5 ;
    %load/vec4 v0x5565297f5ed0_0;
    %load/vec4 v0x5565297ede10_0;
    %concat/vec4; draw_concat_vec4
    %dup/vec4;
    %pushi/vec4 2, 0, 4;
    %cmp/u;
    %jmp/1 T_0.5, 6;
    %dup/vec4;
    %pushi/vec4 4, 0, 4;
    %cmp/u;
    %jmp/1 T_0.6, 6;
    %dup/vec4;
    %pushi/vec4 9, 0, 4;
    %cmp/u;
    %jmp/1 T_0.7, 6;
    %dup/vec4;
    %pushi/vec4 8, 0, 4;
    %cmp/u;
    %jmp/1 T_0.8, 6;
    %dup/vec4;
    %pushi/vec4 1, 0, 4;
    %cmp/u;
    %jmp/1 T_0.9, 6;
    %dup/vec4;
    %pushi/vec4 6, 0, 4;
    %cmp/u;
    %jmp/1 T_0.10, 6;
    %pushi/vec4 3, 0, 2;
    %ret/vec4 0, 0, 2;  Assign to compare (store_vec4_to_lval)
    %jmp T_0.12;
T_0.5 ;
    %pushi/vec4 2, 0, 2;
    %ret/vec4 0, 0, 2;  Assign to compare (store_vec4_to_lval)
    %jmp T_0.12;
T_0.6 ;
    %pushi/vec4 2, 0, 2;
    %ret/vec4 0, 0, 2;  Assign to compare (store_vec4_to_lval)
    %jmp T_0.12;
T_0.7 ;
    %pushi/vec4 2, 0, 2;
    %ret/vec4 0, 0, 2;  Assign to compare (store_vec4_to_lval)
    %jmp T_0.12;
T_0.8 ;
    %pushi/vec4 1, 0, 2;
    %ret/vec4 0, 0, 2;  Assign to compare (store_vec4_to_lval)
    %jmp T_0.12;
T_0.9 ;
    %pushi/vec4 1, 0, 2;
    %ret/vec4 0, 0, 2;  Assign to compare (store_vec4_to_lval)
    %jmp T_0.12;
T_0.10 ;
    %pushi/vec4 1, 0, 2;
    %ret/vec4 0, 0, 2;  Assign to compare (store_vec4_to_lval)
    %jmp T_0.12;
T_0.12 ;
    %pop/vec4 1;
    %end;
    .scope S_0x5565297e1c10;
t_4 %join;
T_0.4 ;
T_0.1 ;
    %end;
S_0x5565297e1df0 .scope begin, "COMPARE_ILLEGAL" "COMPARE_ILLEGAL" 3 32, 3 32 0, S_0x5565297e1c10;
 .timescale -9 -12;
S_0x5565297e1fd0 .scope begin, "COMPARE_JACK_OR_ROSE_WIN" "COMPARE_JACK_OR_ROSE_WIN" 3 38, 3 38 0, S_0x5565297e1c10;
 .timescale -9 -12;
S_0x5565297e21b0 .scope begin, "COMPARE_TIE" "COMPARE_TIE" 3 35, 3 35 0, S_0x5565297e1c10;
 .timescale -9 -12;
    .scope S_0x5565297b3490;
T_1 ;
    %wait E_0x5565297ec800;
    %load/vec4 v0x556529811d00_0;
    %flag_set/vec4 8;
    %jmp/0xz  T_1.0, 8;
    %pushi/vec4 3, 0, 2;
    %split/vec4 1;
    %assign/vec4 v0x556529811c40_0, 0;
    %assign/vec4 v0x556529811a50_0, 0;
    %pushi/vec4 0, 0, 1;
    %assign/vec4 v0x556529811e80_0, 0;
    %pushi/vec4 0, 0, 2;
    %assign/vec4 v0x5565298118b0_0, 0;
T_1.0 ;
    %jmp T_1;
    .thread T_1;
    .scope S_0x5565297b3490;
T_2 ;
    %wait E_0x5565297b3ba0;
    %load/vec4 v0x556529811990_0;
    %load/vec4 v0x556529811b10_0;
    %store/vec4 v0x5565297ede10_0, 0, 2;
    %store/vec4 v0x5565297f5ed0_0, 0, 2;
    %callf/vec4 TD_judgement_tb.inst_judgement.compare, S_0x5565297e1c10;
    %assign/vec4 v0x5565298118b0_0, 0;
    %jmp T_2;
    .thread T_2, $push;
    .scope S_0x5565297b3490;
T_3 ;
    %wait E_0x5565297ecda0;
    %load/vec4 v0x556529811dc0_0;
    %flag_set/vec4 8;
    %jmp/0xz  T_3.0, 8;
    %load/vec4 v0x5565298118b0_0;
    %split/vec4 1;
    %assign/vec4 v0x556529811c40_0, 0;
    %assign/vec4 v0x556529811a50_0, 0;
    %load/vec4 v0x5565298118b0_0;
    %cmpi/ne 3, 0, 2;
    %jmp/0xz  T_3.2, 4;
    %fork t_7, S_0x5565297e1a10;
    %jmp t_6;
    .scope S_0x5565297e1a10;
t_7 ;
    %pushi/vec4 1, 0, 1;
    %assign/vec4 v0x556529811e80_0, 0;
    %end;
    .scope S_0x5565297b3490;
t_6 %join;
    %jmp T_3.3;
T_3.2 ;
    %fork t_9, S_0x5565297e1810;
    %jmp t_8;
    .scope S_0x5565297e1810;
t_9 ;
    %pushi/vec4 0, 0, 1;
    %assign/vec4 v0x556529811e80_0, 0;
    %end;
    .scope S_0x5565297b3490;
t_8 %join;
T_3.3 ;
    %jmp T_3.1;
T_3.0 ;
    %pushi/vec4 0, 0, 1;
    %assign/vec4 v0x556529811e80_0, 0;
T_3.1 ;
    %jmp T_3;
    .thread T_3, $push;
    .scope S_0x5565297f4590;
T_4 ;
    %pushi/vec4 0, 0, 2;
    %assign/vec4 v0x556529812100_0, 0;
    %pushi/vec4 0, 0, 2;
    %assign/vec4 v0x556529812240_0, 0;
    %pushi/vec4 0, 0, 1;
    %assign/vec4 v0x556529812480_0, 0;
    %pushi/vec4 1, 0, 1;
    %assign/vec4 v0x5565298123b0_0, 0;
    %delay 100000, 0;
    %pushi/vec4 0, 0, 1;
    %assign/vec4 v0x5565298123b0_0, 0;
    %end;
    .thread T_4;
    .scope S_0x5565297f4590;
T_5 ;
    %pushi/vec4 0, 0, 1;
    %store/vec4 v0x556529812040_0, 0, 1;
T_5.0 ;
    %delay 5000, 0;
    %load/vec4 v0x556529812040_0;
    %inv;
    %store/vec4 v0x556529812040_0, 0, 1;
    %jmp T_5.0;
    %end;
    .thread T_5;
    .scope S_0x5565297f4590;
T_6 ;
    %delay 100000, 0;
T_6.0 ;
    %pushi/vec4 1, 0, 1;
    %store/vec4 v0x556529812480_0, 0, 1;
    %delay 10000, 0;
    %pushi/vec4 0, 0, 1;
    %store/vec4 v0x556529812480_0, 0, 1;
    %delay 90000, 0;
    %jmp T_6.0;
    %end;
    .thread T_6;
    .scope S_0x5565297f4590;
T_7 ;
    %delay 100000, 0;
T_7.0 ;
    %delay 100000, 0;
    %load/vec4 v0x556529812100_0;
    %addi 1, 0, 2;
    %store/vec4 v0x556529812100_0, 0, 2;
    %jmp T_7.0;
    %end;
    .thread T_7;
    .scope S_0x5565297f4590;
T_8 ;
    %delay 100000, 0;
T_8.0 ;
    %delay 400000, 0;
    %load/vec4 v0x556529812240_0;
    %addi 1, 0, 2;
    %store/vec4 v0x556529812240_0, 0, 2;
    %jmp T_8.0;
    %end;
    .thread T_8;
    .scope S_0x5565297f4590;
T_9 ;
    %vpi_call 2 89 "$dumpfile", "game.vcd" {0 0 0};
    %vpi_call 2 90 "$dumpvars" {0 0 0};
    %delay 100000000, 0;
    %vpi_call 2 94 "$display", "[Game Finish]" {0 0 0};
    %vpi_call 2 95 "$finish" {0 0 0};
    %end;
    .thread T_9;
# The file index is used to find the file name in the following table.
:file_names 4;
    "N/A";
    "<interactive>";
    "judgement_tb.v";
    "./judgement.v";
